<?xml version="1.0" encoding="UTF-8"?>
<testsuite failures="2" skip="0" tests="7" name="Robotframework" errors="0">
<testcase classname="Robotframework.Testfxlibrary" name="Echo With Default" time="0">
</testcase>
<testcase classname="Robotframework.Testfxlibrary" name="Echo With Overridden Default" time="0">
</testcase>
<testcase classname="Robotframework.Testfxlibrary" name="Test Example 1" time="2">
</testcase>
<testcase classname="Robotframework.Testfxlibrary" name="Test Example 2" time="1">
<failure message="No keyword with name 'Test Fruits with Orange' found." type="AssertionError"></failure>
</testcase>
<testcase classname="Robotframework.Testfxlibrary" name="Test Wait Until Element Is Enabled" time="4">
</testcase>
<testcase classname="Robotframework.Testfxlibrary" name="Test Wait Until Element Is Enabled Time Out" time="3">
</testcase>
<testcase classname="Robotframework.Testfxlibrary" name="Test Click on" time="0">
<failure message="the query &quot;.choice-box&quot; returned no nodes." type="AssertionError"></failure>
</testcase>
</testsuite>
